<html>
<head>
<title>TestNG:  Browse Message Options</title>
<link href="../testng.css" rel="stylesheet" type="text/css" />
<link href="../my-testng.css" rel="stylesheet" type="text/css" />

<style type="text/css">
.log { display: none;} 
.stack-trace { display: none;} 
</style>
<script type="text/javascript">
<!--
function flip(e) {
  current = e.style.display;
  if (current == 'block') {
    e.style.display = 'none';
    return 0;
  }
  else {
    e.style.display = 'block';
    return 1;
  }
}

function toggleBox(szDivId, elem, msg1, msg2)
{
  var res = -1;  if (document.getElementById) {
    res = flip(document.getElementById(szDivId));
  }
  else if (document.all) {
    // this is the way old msie versions work
    res = flip(document.all[szDivId]);
  }
  if(elem) {
    if(res == 0) elem.innerHTML = msg1; else elem.innerHTML = msg2;
  }

}

function toggleAllBoxes() {
  if (document.getElementsByTagName) {
    d = document.getElementsByTagName('div');
    for (i = 0; i < d.length; i++) {
      if (d[i].className == 'log') {
        flip(d[i]);
      }
    }
  }
}

// -->
</script>

</head>
<body>
<h2 align='center'>Browse Message Options</h2><table border='1' align="center">
<tr>
<td>Tests passed/Failed/Skipped:</td><td>12/1/0</td>
</tr><tr>
<td>Started on:</td><td>Wed Aug 21 13:03:04 IST 2019</td>
</tr>
<tr><td>Total time:</td><td>244 seconds (244407 ms)</td>
</tr><tr>
<td>Included groups:</td><td></td>
</tr><tr>
<td>Excluded groups:</td><td></td>
</tr>
</table><p/>
<small><i>(Hover the method name to see the test class name)</i></small><p/>
<table width='100%' border='1' class='invocation-failed'>
<tr><td colspan='4' align='center'><b>FAILED TESTS</b></td></tr>
<tr><td><b>Test method</b></td>
<td width="30%"><b>Exception</b></td>
<td width="10%"><b>Time (seconds)</b></td>
<td><b>Instance</b></td>
</tr>
<tr>
<td title='ApodGUI.QueuesInsideBrowseMessages.PutAMessageUsingPutNewIcon()'><b>PutAMessageUsingPutNewIcon</b><br>Test class: ApodGUI.QueuesInsideBrowseMessages<br>Parameters: Testing to add the new message into Queue, org.testng.TestRunner@6c96346b<br/>
<a href="#Output-1089558406" onClick='toggleBox("Output-1089558406", this, "Show output", "Hide output");'>Show output</a>

<a href="#Output-1089558406" onClick="toggleAllBoxes();">Show all outputs</a>
<div class='log' id="Output-1089558406">
<br/>Failed to execute method: PutAMessageUsingPutNewIcon<br/><br/>
<br/><br/>
<img src=" F:\Selenium Automation\TestRailNavigator/Screenshots/ScreenshotsFailure/PutAMessageUsingPutNewIcon.png" alt="""/" /><br/>
</div>
</td>
<td><div><pre>org.openqa.selenium.InvalidSelectorException: invalid selector: Unable to locate an element with the xpath expression Condition is Failed because of the following error:
SyntaxError: Failed to execute &apos;evaluate&apos; on &apos;Document&apos;: The string &apos;Condition is Failed&apos; is not a valid XPath expression.
  (Session info: chrome=76.0.3809.100)
  (Driver info: chromedriver=2.41.578737 (49da6702b16031c40d63e5618de03a32ff6c197e),platform=Windows NT 10.0.17134 x86_64) (WARNING: The server did not provide any stacktrace information)
Command duration or timeout: 0 milliseconds
For documentation on this error, please visit: http://seleniumhq.org/exceptions/invalid_selector_exception.html
Build info: version: &apos;3.14.0&apos;, revision: &apos;aacccce0&apos;, time: &apos;2018-08-02T20:13:22.693Z&apos;
System info: host: &apos;DESKTOP-E1JT2VR&apos;, ip: &apos;192.168.85.1&apos;, os.name: &apos;Windows 10&apos;, os.arch: &apos;amd64&apos;, os.version: &apos;10.0&apos;, java.version: &apos;1.8.0_201&apos;
Driver info: org.openqa.selenium.chrome.ChromeDriver
Capabilities {acceptInsecureCerts: false, acceptSslCerts: false, applicationCacheEnabled: false, browserConnectionEnabled: false, browserName: chrome, chrome: {chromedriverVersion: 2.41.578737 (49da6702b16031..., userDataDir: C:\Users\NAGARA~1.KAG\AppDa...}, cssSelectorsEnabled: true, databaseEnabled: false, goog:chromeOptions: {debuggerAddress: localhost:52357}, handlesAlerts: true, hasTouchScreen: false, javascriptEnabled: true, locationContextEnabled: true, mobileEmulationEnabled: false, nativeEvents: true, networkConnectionEnabled: false, pageLoadStrategy: normal, platform: XP, platformName: XP, rotatable: false, setWindowRect: true, takesHeapSnapshot: true, takesScreenshot: true, unexpectedAlertBehaviour: , unhandledPromptBehavior: , version: 76.0.3809.100, webStorageEnabled: true}
Session ID: 89ae269717307e6acf228f582e232725
*** Element info: {Using=xpath, value=Condition is Failed}
	at org.openqa.selenium.remote.ErrorHandler.createThrowable(ErrorHandler.java:214)
	at org.openqa.selenium.remote.ErrorHandler.throwIfResponseFailed(ErrorHandler.java:166)
	at org.openqa.selenium.remote.http.JsonHttpResponseCodec.reconstructValue(JsonHttpResponseCodec.java:40)
	at org.openqa.selenium.remote.http.AbstractHttpResponseCodec.decode(AbstractHttpResponseCodec.java:80)
	at org.openqa.selenium.remote.http.AbstractHttpResponseCodec.decode(AbstractHttpResponseCodec.java:44)
	at org.openqa.selenium.remote.HttpCommandExecutor.execute(HttpCommandExecutor.java:158)
	at org.openqa.selenium.remote.service.DriverCommandExecutor.execute(DriverCommandExecutor.java:83)
	at org.openqa.selenium.remote.RemoteWebDriver.execute(RemoteWebDriver.java:548)
	at org.openqa.selenium.remote.RemoteWebDriver.findElement(RemoteWebDriver.java:322)
	at org.openqa.selenium.remote.RemoteWebDriver.findElementByXPath(RemoteWebDriver.java:424)
	at org.openqa.selenium.By$ByXPath.findElement(By.java:353)
	at org.openqa.selenium.remote.RemoteWebDriver.findElement(RemoteWebDriver.java:314)
	at ApodGUI.QueuesInsideBrowseMessages.PutAMessageUsingPutNewIcon(QueuesInsideBrowseMessages.java:259)
... Removed 30 stack frames</pre></div><a href='#' onClick='toggleBox("stack-trace1089558406", this, "Click to show all stack frames", "Click to hide stack frames")'>Click to show all stack frames</a>
<div class='stack-trace' id='stack-trace1089558406'><pre>org.openqa.selenium.InvalidSelectorException: invalid selector: Unable to locate an element with the xpath expression Condition is Failed because of the following error:
SyntaxError: Failed to execute &apos;evaluate&apos; on &apos;Document&apos;: The string &apos;Condition is Failed&apos; is not a valid XPath expression.
  (Session info: chrome=76.0.3809.100)
  (Driver info: chromedriver=2.41.578737 (49da6702b16031c40d63e5618de03a32ff6c197e),platform=Windows NT 10.0.17134 x86_64) (WARNING: The server did not provide any stacktrace information)
Command duration or timeout: 0 milliseconds
For documentation on this error, please visit: http://seleniumhq.org/exceptions/invalid_selector_exception.html
Build info: version: &apos;3.14.0&apos;, revision: &apos;aacccce0&apos;, time: &apos;2018-08-02T20:13:22.693Z&apos;
System info: host: &apos;DESKTOP-E1JT2VR&apos;, ip: &apos;192.168.85.1&apos;, os.name: &apos;Windows 10&apos;, os.arch: &apos;amd64&apos;, os.version: &apos;10.0&apos;, java.version: &apos;1.8.0_201&apos;
Driver info: org.openqa.selenium.chrome.ChromeDriver
Capabilities {acceptInsecureCerts: false, acceptSslCerts: false, applicationCacheEnabled: false, browserConnectionEnabled: false, browserName: chrome, chrome: {chromedriverVersion: 2.41.578737 (49da6702b16031..., userDataDir: C:\Users\NAGARA~1.KAG\AppDa...}, cssSelectorsEnabled: true, databaseEnabled: false, goog:chromeOptions: {debuggerAddress: localhost:52357}, handlesAlerts: true, hasTouchScreen: false, javascriptEnabled: true, locationContextEnabled: true, mobileEmulationEnabled: false, nativeEvents: true, networkConnectionEnabled: false, pageLoadStrategy: normal, platform: XP, platformName: XP, rotatable: false, setWindowRect: true, takesHeapSnapshot: true, takesScreenshot: true, unexpectedAlertBehaviour: , unhandledPromptBehavior: , version: 76.0.3809.100, webStorageEnabled: true}
Session ID: 89ae269717307e6acf228f582e232725
*** Element info: {Using=xpath, value=Condition is Failed}
	at sun.reflect.NativeConstructorAccessorImpl.newInstance0(Native Method)
	at sun.reflect.NativeConstructorAccessorImpl.newInstance(NativeConstructorAccessorImpl.java:62)
	at sun.reflect.DelegatingConstructorAccessorImpl.newInstance(DelegatingConstructorAccessorImpl.java:45)
	at java.lang.reflect.Constructor.newInstance(Constructor.java:423)
	at org.openqa.selenium.remote.ErrorHandler.createThrowable(ErrorHandler.java:214)
	at org.openqa.selenium.remote.ErrorHandler.throwIfResponseFailed(ErrorHandler.java:166)
	at org.openqa.selenium.remote.http.JsonHttpResponseCodec.reconstructValue(JsonHttpResponseCodec.java:40)
	at org.openqa.selenium.remote.http.AbstractHttpResponseCodec.decode(AbstractHttpResponseCodec.java:80)
	at org.openqa.selenium.remote.http.AbstractHttpResponseCodec.decode(AbstractHttpResponseCodec.java:44)
	at org.openqa.selenium.remote.HttpCommandExecutor.execute(HttpCommandExecutor.java:158)
	at org.openqa.selenium.remote.service.DriverCommandExecutor.execute(DriverCommandExecutor.java:83)
	at org.openqa.selenium.remote.RemoteWebDriver.execute(RemoteWebDriver.java:548)
	at org.openqa.selenium.remote.RemoteWebDriver.findElement(RemoteWebDriver.java:322)
	at org.openqa.selenium.remote.RemoteWebDriver.findElementByXPath(RemoteWebDriver.java:424)
	at org.openqa.selenium.By$ByXPath.findElement(By.java:353)
	at org.openqa.selenium.remote.RemoteWebDriver.findElement(RemoteWebDriver.java:314)
	at ApodGUI.QueuesInsideBrowseMessages.PutAMessageUsingPutNewIcon(QueuesInsideBrowseMessages.java:259)
	at sun.reflect.NativeMethodAccessorImpl.invoke0(Native Method)
	at sun.reflect.NativeMethodAccessorImpl.invoke(NativeMethodAccessorImpl.java:62)
	at sun.reflect.DelegatingMethodAccessorImpl.invoke(DelegatingMethodAccessorImpl.java:43)
	at java.lang.reflect.Method.invoke(Method.java:498)
	at org.testng.internal.MethodInvocationHelper.invokeMethod(MethodInvocationHelper.java:124)
	at org.testng.internal.Invoker.invokeMethod(Invoker.java:580)
	at org.testng.internal.Invoker.invokeTestMethod(Invoker.java:716)
	at org.testng.internal.Invoker.invokeTestMethods(Invoker.java:988)
	at org.testng.internal.TestMethodWorker.invokeTestMethods(TestMethodWorker.java:125)
	at org.testng.internal.TestMethodWorker.run(TestMethodWorker.java:109)
	at org.testng.TestRunner.privateRun(TestRunner.java:648)
	at org.testng.TestRunner.run(TestRunner.java:505)
	at org.testng.SuiteRunner.runTest(SuiteRunner.java:455)
	at org.testng.SuiteRunner.runSequentially(SuiteRunner.java:450)
	at org.testng.SuiteRunner.privateRun(SuiteRunner.java:415)
	at org.testng.SuiteRunner.run(SuiteRunner.java:364)
	at org.testng.SuiteRunnerWorker.runSuite(SuiteRunnerWorker.java:52)
	at org.testng.SuiteRunnerWorker.run(SuiteRunnerWorker.java:84)
	at org.testng.TestNG.runSuitesSequentially(TestNG.java:1208)
	at org.testng.TestNG.runSuitesSequentially(TestNG.java:1204)
	at org.testng.TestNG.runSuitesLocally(TestNG.java:1137)
	at org.testng.TestNG.runSuites(TestNG.java:1049)
	at org.testng.TestNG.run(TestNG.java:1017)
	at org.testng.remote.AbstractRemoteTestNG.run(AbstractRemoteTestNG.java:114)
	at org.testng.remote.RemoteTestNG.initAndRun(RemoteTestNG.java:251)
	at org.testng.remote.RemoteTestNG.main(RemoteTestNG.java:77)
</pre></div></td>
<td>4</td>
<td>ApodGUI.QueuesInsideBrowseMessages@8e24743</td></tr>
</table><p>
<table width='100%' border='1' class='invocation-passed'>
<tr><td colspan='4' align='center'><b>PASSED TESTS</b></td></tr>
<tr><td><b>Test method</b></td>
<td width="30%"><b>Exception</b></td>
<td width="10%"><b>Time (seconds)</b></td>
<td><b>Instance</b></td>
</tr>
<tr>
<td title='ApodGUI.QueuesInsideBrowseMessages.CopyMessageUsingCopyIcon()'><b>CopyMessageUsingCopyIcon</b><br>Test class: ApodGUI.QueuesInsideBrowseMessages<br>Parameters: org.testng.TestRunner@6c96346b<br/>
<a href="#Output-2046030668" onClick='toggleBox("Output-2046030668", this, "Show output", "Hide output");'>Show output</a>

<a href="#Output-2046030668" onClick="toggleAllBoxes();">Show all outputs</a>
<div class='log' id="Output-2046030668">
<br/><br/>
<img src=" F:\Selenium Automation\TestRailNavigator/Screenshots/ScreenshotsSuccess/CopyMessageUsingCopyIcon.png" alt="""/" /><br/>
</div>
</td>
<td></td>
<td>2</td>
<td>ApodGUI.QueuesInsideBrowseMessages@8e24743</td></tr>
<tr>
<td title='ApodGUI.QueuesInsideBrowseMessages.CopyMessageUsingCopyOption()'><b>CopyMessageUsingCopyOption</b><br>Test class: ApodGUI.QueuesInsideBrowseMessages<br>Parameters: org.testng.TestRunner@6c96346b<br/>
<a href="#Output-1665400909" onClick='toggleBox("Output-1665400909", this, "Show output", "Hide output");'>Show output</a>

<a href="#Output-1665400909" onClick="toggleAllBoxes();">Show all outputs</a>
<div class='log' id="Output-1665400909">
<br/><br/>
<img src=" F:\Selenium Automation\TestRailNavigator/Screenshots/ScreenshotsSuccess/CopyMessageUsingCopyOption.png" alt="""/" /><br/>
</div>
</td>
<td></td>
<td>2</td>
<td>ApodGUI.QueuesInsideBrowseMessages@8e24743</td></tr>
<tr>
<td title='ApodGUI.QueuesInsideBrowseMessages.DeleteMessageUsingDeleteIcon()'><b>DeleteMessageUsingDeleteIcon</b><br>Test class: ApodGUI.QueuesInsideBrowseMessages<br>Parameters: org.testng.TestRunner@6c96346b<br/>
<a href="#Output-1040847151" onClick='toggleBox("Output-1040847151", this, "Show output", "Hide output");'>Show output</a>

<a href="#Output-1040847151" onClick="toggleAllBoxes();">Show all outputs</a>
<div class='log' id="Output-1040847151">
<br/><br/>
<img src=" F:\Selenium Automation\TestRailNavigator/Screenshots/ScreenshotsSuccess/DeleteMessageUsingDeleteIcon.png" alt="""/" /><br/>
</div>
</td>
<td></td>
<td>4</td>
<td>ApodGUI.QueuesInsideBrowseMessages@8e24743</td></tr>
<tr>
<td title='ApodGUI.QueuesInsideBrowseMessages.DeleteMessageUsingDeleteOption()'><b>DeleteMessageUsingDeleteOption</b><br>Test class: ApodGUI.QueuesInsideBrowseMessages<br>Parameters: org.testng.TestRunner@6c96346b<br/>
<a href="#Output-1300216352" onClick='toggleBox("Output-1300216352", this, "Show output", "Hide output");'>Show output</a>

<a href="#Output-1300216352" onClick="toggleAllBoxes();">Show all outputs</a>
<div class='log' id="Output-1300216352">
<br/><br/>
<img src=" F:\Selenium Automation\TestRailNavigator/Screenshots/ScreenshotsSuccess/DeleteMessageUsingDeleteOption.png" alt="""/" /><br/>
</div>
</td>
<td></td>
<td>4</td>
<td>ApodGUI.QueuesInsideBrowseMessages@8e24743</td></tr>
<tr>
<td title='ApodGUI.QueuesInsideBrowseMessages.EditMessageUsingEditIcon()'><b>EditMessageUsingEditIcon</b><br>Test class: ApodGUI.QueuesInsideBrowseMessages<br>Parameters: Testing to add the new message into Queue, org.testng.TestRunner@6c96346b<br/>
<a href="#Output-292486757" onClick='toggleBox("Output-292486757", this, "Show output", "Hide output");'>Show output</a>

<a href="#Output-292486757" onClick="toggleAllBoxes();">Show all outputs</a>
<div class='log' id="Output-292486757">
<br/><br/>
<img src=" F:\Selenium Automation\TestRailNavigator/Screenshots/ScreenshotsSuccess/EditMessageUsingEditIcon.png" alt="""/" /><br/>
</div>
</td>
<td></td>
<td>4</td>
<td>ApodGUI.QueuesInsideBrowseMessages@8e24743</td></tr>
<tr>
<td title='ApodGUI.QueuesInsideBrowseMessages.EditMessageUsingEditOption()'><b>EditMessageUsingEditOption</b><br>Test class: ApodGUI.QueuesInsideBrowseMessages<br>Parameters: Testing to add the new message into Queue, org.testng.TestRunner@6c96346b<br/>
<a href="#Output-1888859784" onClick='toggleBox("Output-1888859784", this, "Show output", "Hide output");'>Show output</a>

<a href="#Output-1888859784" onClick="toggleAllBoxes();">Show all outputs</a>
<div class='log' id="Output-1888859784">
<br/><br/>
<img src=" F:\Selenium Automation\TestRailNavigator/Screenshots/ScreenshotsSuccess/EditMessageUsingEditOption.png" alt="""/" /><br/>
</div>
</td>
<td></td>
<td>5</td>
<td>ApodGUI.QueuesInsideBrowseMessages@8e24743</td></tr>
<tr>
<td title='ApodGUI.QueuesInsideBrowseMessages.ExportSelectedMessageUsingExportIcon()'><b>ExportSelectedMessageUsingExportIcon</b><br>Test class: ApodGUI.QueuesInsideBrowseMessages<br>Parameters: org.testng.TestRunner@6c96346b<br/>
<a href="#Output-1346532545" onClick='toggleBox("Output-1346532545", this, "Show output", "Hide output");'>Show output</a>

<a href="#Output-1346532545" onClick="toggleAllBoxes();">Show all outputs</a>
<div class='log' id="Output-1346532545">
<br/><br/>
<img src=" F:\Selenium Automation\TestRailNavigator/Screenshots/ScreenshotsSuccess/ExportSelectedMessageUsingExportIcon.png" alt="""/" /><br/>
</div>
</td>
<td></td>
<td>8</td>
<td>ApodGUI.QueuesInsideBrowseMessages@8e24743</td></tr>
<tr>
<td title='ApodGUI.QueuesInsideBrowseMessages.LoadMessageFromFileUsingIcon()'><b>LoadMessageFromFileUsingIcon</b><br>Test class: ApodGUI.QueuesInsideBrowseMessages<br>Parameters: org.testng.TestRunner@6c96346b<br/>
<a href="#Output-126767009" onClick='toggleBox("Output-126767009", this, "Show output", "Hide output");'>Show output</a>

<a href="#Output-126767009" onClick="toggleAllBoxes();">Show all outputs</a>
<div class='log' id="Output-126767009">
<br/><br/>
<img src=" F:\Selenium Automation\TestRailNavigator/Screenshots/ScreenshotsSuccess/LoadMessageFromFileUsingIcon.png" alt="""/" /><br/>
</div>
</td>
<td></td>
<td>4</td>
<td>ApodGUI.QueuesInsideBrowseMessages@8e24743</td></tr>
<tr>
<td title='ApodGUI.QueuesInsideBrowseMessages.Login()'><b>Login</b><br>Test class: ApodGUI.QueuesInsideBrowseMessages<br>Parameters: webdriver.chrome.driver, Drivers/chromedriver.exe, Queue Inside Messages, 1, MGR, Testing to add the new message into Queue, Local Queue<br/>
<a href="#Output-1374685679" onClick='toggleBox("Output-1374685679", this, "Show output", "Hide output");'>Show output</a>

<a href="#Output-1374685679" onClick="toggleAllBoxes();">Show all outputs</a>
<div class='log' id="Output-1374685679">
<br/><br/>
<img src=" F:\Selenium Automation\TestRailNavigator/Screenshots/ScreenshotsSuccess/Login.png" alt="""/" /><br/>
</div>
</td>
<td></td>
<td>81</td>
<td>ApodGUI.QueuesInsideBrowseMessages@8e24743</td></tr>
<tr>
<td title='ApodGUI.QueuesInsideBrowseMessages.Logout()'><b>Logout</b><br>Test class: ApodGUI.QueuesInsideBrowseMessages</td>
<td></td>
<td>2</td>
<td>ApodGUI.QueuesInsideBrowseMessages@8e24743</td></tr>
<tr>
<td title='ApodGUI.QueuesInsideBrowseMessages.MoveMessageUsingMoveIcon()'><b>MoveMessageUsingMoveIcon</b><br>Test class: ApodGUI.QueuesInsideBrowseMessages<br>Parameters: org.testng.TestRunner@6c96346b<br/>
<a href="#Output-895684328" onClick='toggleBox("Output-895684328", this, "Show output", "Hide output");'>Show output</a>

<a href="#Output-895684328" onClick="toggleAllBoxes();">Show all outputs</a>
<div class='log' id="Output-895684328">
<br/><br/>
<img src=" F:\Selenium Automation\TestRailNavigator/Screenshots/ScreenshotsSuccess/MoveMessageUsingMoveIcon.png" alt="""/" /><br/>
</div>
</td>
<td></td>
<td>2</td>
<td>ApodGUI.QueuesInsideBrowseMessages@8e24743</td></tr>
<tr>
<td title='ApodGUI.QueuesInsideBrowseMessages.MoveMessageUsingMoveOption()'><b>MoveMessageUsingMoveOption</b><br>Test class: ApodGUI.QueuesInsideBrowseMessages<br>Parameters: org.testng.TestRunner@6c96346b<br/>
<a href="#Output-353562601" onClick='toggleBox("Output-353562601", this, "Show output", "Hide output");'>Show output</a>

<a href="#Output-353562601" onClick="toggleAllBoxes();">Show all outputs</a>
<div class='log' id="Output-353562601">
<br/><br/>
<img src=" F:\Selenium Automation\TestRailNavigator/Screenshots/ScreenshotsSuccess/MoveMessageUsingMoveOption.png" alt="""/" /><br/>
</div>
</td>
<td></td>
<td>2</td>
<td>ApodGUI.QueuesInsideBrowseMessages@8e24743</td></tr>
</table><p>
</body>
</html>