<html>
<head>
<title>TestNG:  Test Cluster QM Viewlet</title>
<link href="../testng.css" rel="stylesheet" type="text/css" />
<link href="../my-testng.css" rel="stylesheet" type="text/css" />

<style type="text/css">
.log { display: none;} 
.stack-trace { display: none;} 
</style>
<script type="text/javascript">
<!--
function flip(e) {
  current = e.style.display;
  if (current == 'block') {
    e.style.display = 'none';
    return 0;
  }
  else {
    e.style.display = 'block';
    return 1;
  }
}

function toggleBox(szDivId, elem, msg1, msg2)
{
  var res = -1;  if (document.getElementById) {
    res = flip(document.getElementById(szDivId));
  }
  else if (document.all) {
    // this is the way old msie versions work
    res = flip(document.all[szDivId]);
  }
  if(elem) {
    if(res == 0) elem.innerHTML = msg1; else elem.innerHTML = msg2;
  }

}

function toggleAllBoxes() {
  if (document.getElementsByTagName) {
    d = document.getElementsByTagName('div');
    for (i = 0; i < d.length; i++) {
      if (d[i].className == 'log') {
        flip(d[i]);
      }
    }
  }
}

// -->
</script>

</head>
<body>
<h2 align='center'>Test Cluster QM Viewlet</h2><table border='1' align="center">
<tr>
<td>Tests passed/Failed/Skipped:</td><td>6/2/0</td>
</tr><tr>
<td>Started on:</td><td>Wed Aug 21 13:37:16 IST 2019</td>
</tr>
<tr><td>Total time:</td><td>188 seconds (188324 ms)</td>
</tr><tr>
<td>Included groups:</td><td></td>
</tr><tr>
<td>Excluded groups:</td><td></td>
</tr>
</table><p/>
<small><i>(Hover the method name to see the test class name)</i></small><p/>
<table width='100%' border='1' class='invocation-failed'>
<tr><td colspan='4' align='center'><b>FAILED TESTS</b></td></tr>
<tr><td><b>Test method</b></td>
<td width="30%"><b>Exception</b></td>
<td width="10%"><b>Time (seconds)</b></td>
<td><b>Instance</b></td>
</tr>
<tr>
<td title='ApodGUI.ClusterQueueManager.AddToFavoriteForMultipleClusterQMs()'><b>AddToFavoriteForMultipleClusterQMs</b><br>Test class: ApodGUI.ClusterQueueManager<br>Parameters: Cluster QM Favorite viewlet, org.testng.TestRunner@41833609<br/>
<a href="#Output-1896069688" onClick='toggleBox("Output-1896069688", this, "Show output", "Hide output");'>Show output</a>

<a href="#Output-1896069688" onClick="toggleAllBoxes();">Show all outputs</a>
<div class='log' id="Output-1896069688">
<br/>Failed to execute method: AddToFavoriteForMultipleClusterQMs<br/><br/>
<br/><br/>
<img src=" F:\Selenium Automation\TestRailNavigator/Screenshots/ScreenshotsFailure/AddToFavoriteForMultipleClusterQMs.png" alt="""/" /><br/>
</div>
</td>
<td><div><pre>org.openqa.selenium.InvalidSelectorException: invalid selector: Unable to locate an element with the xpath expression Favorite condition failed because of the following error:
SyntaxError: Failed to execute &apos;evaluate&apos; on &apos;Document&apos;: The string &apos;Favorite condition failed&apos; is not a valid XPath expression.
  (Session info: chrome=76.0.3809.100)
  (Driver info: chromedriver=2.41.578737 (49da6702b16031c40d63e5618de03a32ff6c197e),platform=Windows NT 10.0.17134 x86_64) (WARNING: The server did not provide any stacktrace information)
Command duration or timeout: 0 milliseconds
For documentation on this error, please visit: http://seleniumhq.org/exceptions/invalid_selector_exception.html
Build info: version: &apos;3.14.0&apos;, revision: &apos;aacccce0&apos;, time: &apos;2018-08-02T20:13:22.693Z&apos;
System info: host: &apos;DESKTOP-E1JT2VR&apos;, ip: &apos;192.168.85.1&apos;, os.name: &apos;Windows 10&apos;, os.arch: &apos;amd64&apos;, os.version: &apos;10.0&apos;, java.version: &apos;1.8.0_201&apos;
Driver info: org.openqa.selenium.chrome.ChromeDriver
Capabilities {acceptInsecureCerts: false, acceptSslCerts: false, applicationCacheEnabled: false, browserConnectionEnabled: false, browserName: chrome, chrome: {chromedriverVersion: 2.41.578737 (49da6702b16031..., userDataDir: C:\Users\NAGARA~1.KAG\AppDa...}, cssSelectorsEnabled: true, databaseEnabled: false, goog:chromeOptions: {debuggerAddress: localhost:51492}, handlesAlerts: true, hasTouchScreen: false, javascriptEnabled: true, locationContextEnabled: true, mobileEmulationEnabled: false, nativeEvents: true, networkConnectionEnabled: false, pageLoadStrategy: normal, platform: XP, platformName: XP, rotatable: false, setWindowRect: true, takesHeapSnapshot: true, takesScreenshot: true, unexpectedAlertBehaviour: , unhandledPromptBehavior: , version: 76.0.3809.100, webStorageEnabled: true}
Session ID: 11f1ee2ff7c8e201028b08ae9bbcfdb7
*** Element info: {Using=xpath, value=Favorite condition failed}
	at org.openqa.selenium.remote.ErrorHandler.createThrowable(ErrorHandler.java:214)
	at org.openqa.selenium.remote.ErrorHandler.throwIfResponseFailed(ErrorHandler.java:166)
	at org.openqa.selenium.remote.http.JsonHttpResponseCodec.reconstructValue(JsonHttpResponseCodec.java:40)
	at org.openqa.selenium.remote.http.AbstractHttpResponseCodec.decode(AbstractHttpResponseCodec.java:80)
	at org.openqa.selenium.remote.http.AbstractHttpResponseCodec.decode(AbstractHttpResponseCodec.java:44)
	at org.openqa.selenium.remote.HttpCommandExecutor.execute(HttpCommandExecutor.java:158)
	at org.openqa.selenium.remote.service.DriverCommandExecutor.execute(DriverCommandExecutor.java:83)
	at org.openqa.selenium.remote.RemoteWebDriver.execute(RemoteWebDriver.java:548)
	at org.openqa.selenium.remote.RemoteWebDriver.findElement(RemoteWebDriver.java:322)
	at org.openqa.selenium.remote.RemoteWebDriver.findElementByXPath(RemoteWebDriver.java:424)
	at org.openqa.selenium.By$ByXPath.findElement(By.java:353)
	at org.openqa.selenium.remote.RemoteWebDriver.findElement(RemoteWebDriver.java:314)
	at ApodGUI.ClusterQueueManager.AddToFavoriteForMultipleClusterQMs(ClusterQueueManager.java:430)
... Removed 30 stack frames</pre></div><a href='#' onClick='toggleBox("stack-trace1896069688", this, "Click to show all stack frames", "Click to hide stack frames")'>Click to show all stack frames</a>
<div class='stack-trace' id='stack-trace1896069688'><pre>org.openqa.selenium.InvalidSelectorException: invalid selector: Unable to locate an element with the xpath expression Favorite condition failed because of the following error:
SyntaxError: Failed to execute &apos;evaluate&apos; on &apos;Document&apos;: The string &apos;Favorite condition failed&apos; is not a valid XPath expression.
  (Session info: chrome=76.0.3809.100)
  (Driver info: chromedriver=2.41.578737 (49da6702b16031c40d63e5618de03a32ff6c197e),platform=Windows NT 10.0.17134 x86_64) (WARNING: The server did not provide any stacktrace information)
Command duration or timeout: 0 milliseconds
For documentation on this error, please visit: http://seleniumhq.org/exceptions/invalid_selector_exception.html
Build info: version: &apos;3.14.0&apos;, revision: &apos;aacccce0&apos;, time: &apos;2018-08-02T20:13:22.693Z&apos;
System info: host: &apos;DESKTOP-E1JT2VR&apos;, ip: &apos;192.168.85.1&apos;, os.name: &apos;Windows 10&apos;, os.arch: &apos;amd64&apos;, os.version: &apos;10.0&apos;, java.version: &apos;1.8.0_201&apos;
Driver info: org.openqa.selenium.chrome.ChromeDriver
Capabilities {acceptInsecureCerts: false, acceptSslCerts: false, applicationCacheEnabled: false, browserConnectionEnabled: false, browserName: chrome, chrome: {chromedriverVersion: 2.41.578737 (49da6702b16031..., userDataDir: C:\Users\NAGARA~1.KAG\AppDa...}, cssSelectorsEnabled: true, databaseEnabled: false, goog:chromeOptions: {debuggerAddress: localhost:51492}, handlesAlerts: true, hasTouchScreen: false, javascriptEnabled: true, locationContextEnabled: true, mobileEmulationEnabled: false, nativeEvents: true, networkConnectionEnabled: false, pageLoadStrategy: normal, platform: XP, platformName: XP, rotatable: false, setWindowRect: true, takesHeapSnapshot: true, takesScreenshot: true, unexpectedAlertBehaviour: , unhandledPromptBehavior: , version: 76.0.3809.100, webStorageEnabled: true}
Session ID: 11f1ee2ff7c8e201028b08ae9bbcfdb7
*** Element info: {Using=xpath, value=Favorite condition failed}
	at sun.reflect.NativeConstructorAccessorImpl.newInstance0(Native Method)
	at sun.reflect.NativeConstructorAccessorImpl.newInstance(NativeConstructorAccessorImpl.java:62)
	at sun.reflect.DelegatingConstructorAccessorImpl.newInstance(DelegatingConstructorAccessorImpl.java:45)
	at java.lang.reflect.Constructor.newInstance(Constructor.java:423)
	at org.openqa.selenium.remote.ErrorHandler.createThrowable(ErrorHandler.java:214)
	at org.openqa.selenium.remote.ErrorHandler.throwIfResponseFailed(ErrorHandler.java:166)
	at org.openqa.selenium.remote.http.JsonHttpResponseCodec.reconstructValue(JsonHttpResponseCodec.java:40)
	at org.openqa.selenium.remote.http.AbstractHttpResponseCodec.decode(AbstractHttpResponseCodec.java:80)
	at org.openqa.selenium.remote.http.AbstractHttpResponseCodec.decode(AbstractHttpResponseCodec.java:44)
	at org.openqa.selenium.remote.HttpCommandExecutor.execute(HttpCommandExecutor.java:158)
	at org.openqa.selenium.remote.service.DriverCommandExecutor.execute(DriverCommandExecutor.java:83)
	at org.openqa.selenium.remote.RemoteWebDriver.execute(RemoteWebDriver.java:548)
	at org.openqa.selenium.remote.RemoteWebDriver.findElement(RemoteWebDriver.java:322)
	at org.openqa.selenium.remote.RemoteWebDriver.findElementByXPath(RemoteWebDriver.java:424)
	at org.openqa.selenium.By$ByXPath.findElement(By.java:353)
	at org.openqa.selenium.remote.RemoteWebDriver.findElement(RemoteWebDriver.java:314)
	at ApodGUI.ClusterQueueManager.AddToFavoriteForMultipleClusterQMs(ClusterQueueManager.java:430)
	at sun.reflect.NativeMethodAccessorImpl.invoke0(Native Method)
	at sun.reflect.NativeMethodAccessorImpl.invoke(NativeMethodAccessorImpl.java:62)
	at sun.reflect.DelegatingMethodAccessorImpl.invoke(DelegatingMethodAccessorImpl.java:43)
	at java.lang.reflect.Method.invoke(Method.java:498)
	at org.testng.internal.MethodInvocationHelper.invokeMethod(MethodInvocationHelper.java:124)
	at org.testng.internal.Invoker.invokeMethod(Invoker.java:580)
	at org.testng.internal.Invoker.invokeTestMethod(Invoker.java:716)
	at org.testng.internal.Invoker.invokeTestMethods(Invoker.java:988)
	at org.testng.internal.TestMethodWorker.invokeTestMethods(TestMethodWorker.java:125)
	at org.testng.internal.TestMethodWorker.run(TestMethodWorker.java:109)
	at org.testng.TestRunner.privateRun(TestRunner.java:648)
	at org.testng.TestRunner.run(TestRunner.java:505)
	at org.testng.SuiteRunner.runTest(SuiteRunner.java:455)
	at org.testng.SuiteRunner.runSequentially(SuiteRunner.java:450)
	at org.testng.SuiteRunner.privateRun(SuiteRunner.java:415)
	at org.testng.SuiteRunner.run(SuiteRunner.java:364)
	at org.testng.SuiteRunnerWorker.runSuite(SuiteRunnerWorker.java:52)
	at org.testng.SuiteRunnerWorker.run(SuiteRunnerWorker.java:84)
	at org.testng.TestNG.runSuitesSequentially(TestNG.java:1208)
	at org.testng.TestNG.runSuitesSequentially(TestNG.java:1204)
	at org.testng.TestNG.runSuitesLocally(TestNG.java:1137)
	at org.testng.TestNG.runSuites(TestNG.java:1049)
	at org.testng.TestNG.run(TestNG.java:1017)
	at org.testng.remote.AbstractRemoteTestNG.run(AbstractRemoteTestNG.java:114)
	at org.testng.remote.RemoteTestNG.initAndRun(RemoteTestNG.java:251)
	at org.testng.remote.RemoteTestNG.main(RemoteTestNG.java:77)
</pre></div></td>
<td>3</td>
<td>ApodGUI.ClusterQueueManager@6dde5c8c</td></tr>
<tr>
<td title='ApodGUI.ClusterQueueManager.Logout()'><b>Logout</b><br>Test class: ApodGUI.ClusterQueueManager</td>
<td><div><pre>org.openqa.selenium.WebDriverException: unknown error: Element &lt;i _ngcontent-c3=&quot;&quot; aria-hidden=&quot;true&quot; class=&quot;fa fa-power-off fa-lg&quot; title=&quot;Logout&quot;&gt;&lt;/i&gt; is not clickable at point (1251, 22). Other element would receive the click: &lt;ngb-modal-window role=&quot;dialog&quot; tabindex=&quot;-1&quot; class=&quot;modal fade show d-block&quot;&gt;...&lt;/ngb-modal-window&gt;
  (Session info: chrome=76.0.3809.100)
  (Driver info: chromedriver=2.41.578737 (49da6702b16031c40d63e5618de03a32ff6c197e),platform=Windows NT 10.0.17134 x86_64) (WARNING: The server did not provide any stacktrace information)
Command duration or timeout: 0 milliseconds
Build info: version: &apos;3.14.0&apos;, revision: &apos;aacccce0&apos;, time: &apos;2018-08-02T20:13:22.693Z&apos;
System info: host: &apos;DESKTOP-E1JT2VR&apos;, ip: &apos;192.168.85.1&apos;, os.name: &apos;Windows 10&apos;, os.arch: &apos;amd64&apos;, os.version: &apos;10.0&apos;, java.version: &apos;1.8.0_201&apos;
Driver info: org.openqa.selenium.chrome.ChromeDriver
Capabilities {acceptInsecureCerts: false, acceptSslCerts: false, applicationCacheEnabled: false, browserConnectionEnabled: false, browserName: chrome, chrome: {chromedriverVersion: 2.41.578737 (49da6702b16031..., userDataDir: C:\Users\NAGARA~1.KAG\AppDa...}, cssSelectorsEnabled: true, databaseEnabled: false, goog:chromeOptions: {debuggerAddress: localhost:51492}, handlesAlerts: true, hasTouchScreen: false, javascriptEnabled: true, locationContextEnabled: true, mobileEmulationEnabled: false, nativeEvents: true, networkConnectionEnabled: false, pageLoadStrategy: normal, platform: XP, platformName: XP, rotatable: false, setWindowRect: true, takesHeapSnapshot: true, takesScreenshot: true, unexpectedAlertBehaviour: , unhandledPromptBehavior: , version: 76.0.3809.100, webStorageEnabled: true}
Session ID: 11f1ee2ff7c8e201028b08ae9bbcfdb7
	at org.openqa.selenium.remote.ErrorHandler.createThrowable(ErrorHandler.java:214)
	at org.openqa.selenium.remote.ErrorHandler.throwIfResponseFailed(ErrorHandler.java:166)
	at org.openqa.selenium.remote.http.JsonHttpResponseCodec.reconstructValue(JsonHttpResponseCodec.java:40)
	at org.openqa.selenium.remote.http.AbstractHttpResponseCodec.decode(AbstractHttpResponseCodec.java:80)
	at org.openqa.selenium.remote.http.AbstractHttpResponseCodec.decode(AbstractHttpResponseCodec.java:44)
	at org.openqa.selenium.remote.HttpCommandExecutor.execute(HttpCommandExecutor.java:158)
	at org.openqa.selenium.remote.service.DriverCommandExecutor.execute(DriverCommandExecutor.java:83)
	at org.openqa.selenium.remote.RemoteWebDriver.execute(RemoteWebDriver.java:548)
	at org.openqa.selenium.remote.RemoteWebElement.execute(RemoteWebElement.java:276)
	at org.openqa.selenium.remote.RemoteWebElement.click(RemoteWebElement.java:83)
	at ApodGUI.ClusterQueueManager.Logout(ClusterQueueManager.java:453)
... Removed 30 stack frames</pre></div><a href='#' onClick='toggleBox("stack-trace1159593699", this, "Click to show all stack frames", "Click to hide stack frames")'>Click to show all stack frames</a>
<div class='stack-trace' id='stack-trace1159593699'><pre>org.openqa.selenium.WebDriverException: unknown error: Element &lt;i _ngcontent-c3=&quot;&quot; aria-hidden=&quot;true&quot; class=&quot;fa fa-power-off fa-lg&quot; title=&quot;Logout&quot;&gt;&lt;/i&gt; is not clickable at point (1251, 22). Other element would receive the click: &lt;ngb-modal-window role=&quot;dialog&quot; tabindex=&quot;-1&quot; class=&quot;modal fade show d-block&quot;&gt;...&lt;/ngb-modal-window&gt;
  (Session info: chrome=76.0.3809.100)
  (Driver info: chromedriver=2.41.578737 (49da6702b16031c40d63e5618de03a32ff6c197e),platform=Windows NT 10.0.17134 x86_64) (WARNING: The server did not provide any stacktrace information)
Command duration or timeout: 0 milliseconds
Build info: version: &apos;3.14.0&apos;, revision: &apos;aacccce0&apos;, time: &apos;2018-08-02T20:13:22.693Z&apos;
System info: host: &apos;DESKTOP-E1JT2VR&apos;, ip: &apos;192.168.85.1&apos;, os.name: &apos;Windows 10&apos;, os.arch: &apos;amd64&apos;, os.version: &apos;10.0&apos;, java.version: &apos;1.8.0_201&apos;
Driver info: org.openqa.selenium.chrome.ChromeDriver
Capabilities {acceptInsecureCerts: false, acceptSslCerts: false, applicationCacheEnabled: false, browserConnectionEnabled: false, browserName: chrome, chrome: {chromedriverVersion: 2.41.578737 (49da6702b16031..., userDataDir: C:\Users\NAGARA~1.KAG\AppDa...}, cssSelectorsEnabled: true, databaseEnabled: false, goog:chromeOptions: {debuggerAddress: localhost:51492}, handlesAlerts: true, hasTouchScreen: false, javascriptEnabled: true, locationContextEnabled: true, mobileEmulationEnabled: false, nativeEvents: true, networkConnectionEnabled: false, pageLoadStrategy: normal, platform: XP, platformName: XP, rotatable: false, setWindowRect: true, takesHeapSnapshot: true, takesScreenshot: true, unexpectedAlertBehaviour: , unhandledPromptBehavior: , version: 76.0.3809.100, webStorageEnabled: true}
Session ID: 11f1ee2ff7c8e201028b08ae9bbcfdb7
	at sun.reflect.NativeConstructorAccessorImpl.newInstance0(Native Method)
	at sun.reflect.NativeConstructorAccessorImpl.newInstance(NativeConstructorAccessorImpl.java:62)
	at sun.reflect.DelegatingConstructorAccessorImpl.newInstance(DelegatingConstructorAccessorImpl.java:45)
	at java.lang.reflect.Constructor.newInstance(Constructor.java:423)
	at org.openqa.selenium.remote.ErrorHandler.createThrowable(ErrorHandler.java:214)
	at org.openqa.selenium.remote.ErrorHandler.throwIfResponseFailed(ErrorHandler.java:166)
	at org.openqa.selenium.remote.http.JsonHttpResponseCodec.reconstructValue(JsonHttpResponseCodec.java:40)
	at org.openqa.selenium.remote.http.AbstractHttpResponseCodec.decode(AbstractHttpResponseCodec.java:80)
	at org.openqa.selenium.remote.http.AbstractHttpResponseCodec.decode(AbstractHttpResponseCodec.java:44)
	at org.openqa.selenium.remote.HttpCommandExecutor.execute(HttpCommandExecutor.java:158)
	at org.openqa.selenium.remote.service.DriverCommandExecutor.execute(DriverCommandExecutor.java:83)
	at org.openqa.selenium.remote.RemoteWebDriver.execute(RemoteWebDriver.java:548)
	at org.openqa.selenium.remote.RemoteWebElement.execute(RemoteWebElement.java:276)
	at org.openqa.selenium.remote.RemoteWebElement.click(RemoteWebElement.java:83)
	at ApodGUI.ClusterQueueManager.Logout(ClusterQueueManager.java:453)
	at sun.reflect.NativeMethodAccessorImpl.invoke0(Native Method)
	at sun.reflect.NativeMethodAccessorImpl.invoke(NativeMethodAccessorImpl.java:62)
	at sun.reflect.DelegatingMethodAccessorImpl.invoke(DelegatingMethodAccessorImpl.java:43)
	at java.lang.reflect.Method.invoke(Method.java:498)
	at org.testng.internal.MethodInvocationHelper.invokeMethod(MethodInvocationHelper.java:124)
	at org.testng.internal.Invoker.invokeMethod(Invoker.java:580)
	at org.testng.internal.Invoker.invokeTestMethod(Invoker.java:716)
	at org.testng.internal.Invoker.invokeTestMethods(Invoker.java:988)
	at org.testng.internal.TestMethodWorker.invokeTestMethods(TestMethodWorker.java:125)
	at org.testng.internal.TestMethodWorker.run(TestMethodWorker.java:109)
	at org.testng.TestRunner.privateRun(TestRunner.java:648)
	at org.testng.TestRunner.run(TestRunner.java:505)
	at org.testng.SuiteRunner.runTest(SuiteRunner.java:455)
	at org.testng.SuiteRunner.runSequentially(SuiteRunner.java:450)
	at org.testng.SuiteRunner.privateRun(SuiteRunner.java:415)
	at org.testng.SuiteRunner.run(SuiteRunner.java:364)
	at org.testng.SuiteRunnerWorker.runSuite(SuiteRunnerWorker.java:52)
	at org.testng.SuiteRunnerWorker.run(SuiteRunnerWorker.java:84)
	at org.testng.TestNG.runSuitesSequentially(TestNG.java:1208)
	at org.testng.TestNG.runSuitesSequentially(TestNG.java:1204)
	at org.testng.TestNG.runSuitesLocally(TestNG.java:1137)
	at org.testng.TestNG.runSuites(TestNG.java:1049)
	at org.testng.TestNG.run(TestNG.java:1017)
	at org.testng.remote.AbstractRemoteTestNG.run(AbstractRemoteTestNG.java:114)
	at org.testng.remote.RemoteTestNG.initAndRun(RemoteTestNG.java:251)
	at org.testng.remote.RemoteTestNG.main(RemoteTestNG.java:77)
</pre></div></td>
<td>1</td>
<td>ApodGUI.ClusterQueueManager@6dde5c8c</td></tr>
</table><p>
<table width='100%' border='1' class='invocation-passed'>
<tr><td colspan='4' align='center'><b>PASSED TESTS</b></td></tr>
<tr><td><b>Test method</b></td>
<td width="30%"><b>Exception</b></td>
<td width="10%"><b>Time (seconds)</b></td>
<td><b>Instance</b></td>
</tr>
<tr>
<td title='ApodGUI.ClusterQueueManager.AddClusterQueueManagerViewlet()'><b>AddClusterQueueManagerViewlet</b><br>Test class: ApodGUI.ClusterQueueManager<br>Parameters: New Cluster Queue Manager Viewlet, org.testng.TestRunner@41833609<br/>
<a href="#Output-1873578788" onClick='toggleBox("Output-1873578788", this, "Show output", "Hide output");'>Show output</a>

<a href="#Output-1873578788" onClick="toggleAllBoxes();">Show all outputs</a>
<div class='log' id="Output-1873578788">
<br/><br/>
<img src=" F:\Selenium Automation\TestRailNavigator/Screenshots/ScreenshotsSuccess/AddClusterQueueManagerViewlet.png" alt="""/" /><br/>
</div>
</td>
<td></td>
<td>4</td>
<td>ApodGUI.ClusterQueueManager@6dde5c8c</td></tr>
<tr>
<td title='ApodGUI.ClusterQueueManager.AddToFavoriteViewlet()'><b>AddToFavoriteViewlet</b><br>Test class: ApodGUI.ClusterQueueManager<br>Parameters: Cluster QM Favorite viewlet, org.testng.TestRunner@41833609<br/>
<a href="#Output-332501619" onClick='toggleBox("Output-332501619", this, "Show output", "Hide output");'>Show output</a>

<a href="#Output-332501619" onClick="toggleAllBoxes();">Show all outputs</a>
<div class='log' id="Output-332501619">
<br/><br/>
<img src=" F:\Selenium Automation\TestRailNavigator/Screenshots/ScreenshotsSuccess/AddToFavoriteViewlet.png" alt="""/" /><br/>
</div>
</td>
<td></td>
<td>7</td>
<td>ApodGUI.ClusterQueueManager@6dde5c8c</td></tr>
<tr>
<td title='ApodGUI.ClusterQueueManager.ClusterQMEvents()'><b>ClusterQMEvents</b><br>Test class: ApodGUI.ClusterQueueManager<br>Parameters: org.testng.TestRunner@41833609<br/>
<a href="#Output-35921939" onClick='toggleBox("Output-35921939", this, "Show output", "Hide output");'>Show output</a>

<a href="#Output-35921939" onClick="toggleAllBoxes();">Show all outputs</a>
<div class='log' id="Output-35921939">
<br/><br/>
<img src=" F:\Selenium Automation\TestRailNavigator/Screenshots/ScreenshotsSuccess/ClusterQMEvents.png" alt="""/" /><br/>
</div>
</td>
<td></td>
<td>11</td>
<td>ApodGUI.ClusterQueueManager@6dde5c8c</td></tr>
<tr>
<td title='ApodGUI.ClusterQueueManager.CompareClusterQueueManagers()'><b>CompareClusterQueueManagers</b><br>Test class: ApodGUI.ClusterQueueManager<br>Parameters: org.testng.TestRunner@41833609<br/>
<a href="#Output-862452473" onClick='toggleBox("Output-862452473", this, "Show output", "Hide output");'>Show output</a>

<a href="#Output-862452473" onClick="toggleAllBoxes();">Show all outputs</a>
<div class='log' id="Output-862452473">
<br/><br/>
<img src=" F:\Selenium Automation\TestRailNavigator/Screenshots/ScreenshotsSuccess/CompareClusterQueueManagers.png" alt="""/" /><br/>
</div>
</td>
<td></td>
<td>4</td>
<td>ApodGUI.ClusterQueueManager@6dde5c8c</td></tr>
<tr>
<td title='ApodGUI.ClusterQueueManager.Login()'><b>Login</b><br>Test class: ApodGUI.ClusterQueueManager<br>Parameters: webdriver.chrome.driver, Drivers/chromedriver.exe, Cluster QM Verification<br/>
<a href="#Output-430410319" onClick='toggleBox("Output-430410319", this, "Show output", "Hide output");'>Show output</a>

<a href="#Output-430410319" onClick="toggleAllBoxes();">Show all outputs</a>
<div class='log' id="Output-430410319">
<br/><br/>
<img src=" F:\Selenium Automation\TestRailNavigator/Screenshots/ScreenshotsSuccess/Login.png" alt="""/" /><br/>
</div>
</td>
<td></td>
<td>12</td>
<td>ApodGUI.ClusterQueueManager@6dde5c8c</td></tr>
<tr>
<td title='ApodGUI.ClusterQueueManager.ShowObjectAttributesForClusterQM()'><b>ShowObjectAttributesForClusterQM</b><br>Test class: ApodGUI.ClusterQueueManager<br>Parameters: ClusterQMSchema, org.testng.TestRunner@41833609<br/>
<a href="#Output-842520591" onClick='toggleBox("Output-842520591", this, "Show output", "Hide output");'>Show output</a>

<a href="#Output-842520591" onClick="toggleAllBoxes();">Show all outputs</a>
<div class='log' id="Output-842520591">
<br/><br/>
<img src=" F:\Selenium Automation\TestRailNavigator/Screenshots/ScreenshotsSuccess/ShowObjectAttributesForClusterQM.png" alt="""/" /><br/>
</div>
</td>
<td></td>
<td>79</td>
<td>ApodGUI.ClusterQueueManager@6dde5c8c</td></tr>
</table><p>
</body>
</html>